<?xml version="1.0" encoding="UTF-8"?>
<testng-results ignored="0" total="1" passed="1" failed="0" skipped="0">
  <reporter-output>
  </reporter-output>
  <suite started-at="2022-11-05T07:19:25Z" name="Default suite" finished-at="2022-11-05T07:19:42Z" duration-ms="17414">
    <groups>
      <group name="cucumber">
        <method signature="AbstractTestNGCucumberTests.runScenario(cucumber.api.testng.PickleEventWrapper, cucumber.api.testng.CucumberFeatureWrapper)[pri:0, instance:runner.TC01_LoginPage@d6e7bab]" name="runScenario" class="cucumber.api.testng.AbstractTestNGCucumberTests"/>
      </group> <!-- cucumber -->
    </groups>
    <test started-at="2022-11-05T07:19:25Z" name="Default test" finished-at="2022-11-05T07:19:42Z" duration-ms="17414">
      <class name="runner.TC01_LoginPage">
        <test-method is-config="true" signature="startReport()[pri:0, instance:runner.TC01_LoginPage@d6e7bab]" started-at="2022-11-05T07:19:24Z" name="startReport" finished-at="2022-11-05T07:19:25Z" duration-ms="1003" status="PASS">
          <reporter-output>
          </reporter-output>
        </test-method> <!-- startReport -->
        <test-method is-config="true" signature="setData()[pri:0, instance:runner.TC01_LoginPage@d6e7bab]" started-at="2022-11-05T07:19:25Z" name="setData" finished-at="2022-11-05T07:19:25Z" duration-ms="1" status="PASS">
          <reporter-output>
          </reporter-output>
        </test-method> <!-- setData -->
        <test-method is-config="true" signature="setUpClass()[pri:0, instance:runner.TC01_LoginPage@d6e7bab]" started-at="2022-11-05T07:19:25Z" name="setUpClass" finished-at="2022-11-05T07:19:25Z" duration-ms="580" status="PASS">
          <reporter-output>
          </reporter-output>
        </test-method> <!-- setUpClass -->
        <test-method is-config="true" signature="report()[pri:0, instance:runner.TC01_LoginPage@d6e7bab]" started-at="2022-11-05T07:19:25Z" name="report" finished-at="2022-11-05T07:19:25Z" duration-ms="39" status="PASS">
          <reporter-output>
          </reporter-output>
        </test-method> <!-- report -->
        <test-method is-config="true" signature="LaunchApp()[pri:0, instance:runner.TC01_LoginPage@d6e7bab]" started-at="2022-11-05T07:19:26Z" name="LaunchApp" finished-at="2022-11-05T07:19:39Z" duration-ms="13057" status="PASS">
          <reporter-output>
          </reporter-output>
        </test-method> <!-- LaunchApp -->
        <test-method signature="runScenario(cucumber.api.testng.PickleEventWrapper, cucumber.api.testng.CucumberFeatureWrapper)[pri:0, instance:runner.TC01_LoginPage@d6e7bab]" started-at="2022-11-05T07:19:39Z" name="runScenario" description="Runs Cucumber Scenarios" data-provider="scenarios" finished-at="2022-11-05T07:19:41Z" duration-ms="2754" status="PASS">
          <params>
            <param index="0">
              <value>
                <![CDATA["TC01 Login Functionality"]]>
              </value>
            </param>
            <param index="1">
              <value>
                <![CDATA["Orange HRM Application Login"]]>
              </value>
            </param>
          </params>
          <reporter-output>
          </reporter-output>
        </test-method> <!-- runScenario -->
        <test-method is-config="true" signature="teardown()[pri:0, instance:runner.TC01_LoginPage@d6e7bab]" started-at="2022-11-05T07:19:41Z" name="teardown" finished-at="2022-11-05T07:19:42Z" duration-ms="594" status="PASS">
          <reporter-output>
          </reporter-output>
        </test-method> <!-- teardown -->
        <test-method is-config="true" signature="tearDownClass()[pri:0, instance:runner.TC01_LoginPage@d6e7bab]" started-at="2022-11-05T07:19:42Z" name="tearDownClass" finished-at="2022-11-05T07:19:42Z" duration-ms="12" status="PASS">
          <reporter-output>
          </reporter-output>
        </test-method> <!-- tearDownClass -->
        <test-method is-config="true" signature="stopReport()[pri:0, instance:runner.TC01_LoginPage@d6e7bab]" started-at="2022-11-05T07:19:42Z" name="stopReport" finished-at="2022-11-05T07:19:44Z" duration-ms="1653" status="PASS">
          <reporter-output>
          </reporter-output>
        </test-method> <!-- stopReport -->
      </class> <!-- runner.TC01_LoginPage -->
    </test> <!-- Default test -->
  </suite> <!-- Default suite -->
</testng-results>
